{'loss': 1.3087, 'grad_norm': 3.2197067737579346, 'learning_rate': 9.467680608365019e-06, 'epoch': 0.1}
{'eval_loss': 0.876957356929779, 'eval_precision': 0.5175321253394949, 'eval_recall': 0.44853147835862844, 'eval_f1': 0.48056763216833226, 'eval_runtime': 27.0139, 'eval_samples_per_second': 325.759, 'eval_steps_per_second': 20.36, 'epoch': 0.1}     
{'loss': 0.8541, 'grad_norm': 5.32541561126709, 'learning_rate': 1.8954372623574146e-05, 'epoch': 0.19}
{'eval_loss': 0.7822765111923218, 'eval_precision': 0.649141864001738, 'eval_recall': 0.6298482293423272, 'eval_f1': 0.6393495239114154, 'eval_runtime': 25.9406, 'eval_samples_per_second': 339.237, 'eval_steps_per_second': 21.202, 'epoch': 0.19}
{'loss': 0.8017, 'grad_norm': 4.969507217407227, 'learning_rate': 2.8441064638783273e-05, 'epoch': 0.29}
{'eval_loss': 0.7598318457603455, 'eval_precision': 0.6580208161242359, 'eval_recall': 0.6996557054525014, 'eval_f1': 0.6781998671865688, 'eval_runtime': 26.9765, 'eval_samples_per_second': 326.21, 'eval_steps_per_second': 20.388, 'epoch': 0.29}
{'loss': 0.7799, 'grad_norm': 3.737582206726074, 'learning_rate': 3.79467680608365e-05, 'epoch': 0.38}
{'eval_loss': 0.737592339515686, 'eval_precision': 0.6996644295302014, 'eval_recall': 0.7032040472175379, 'eval_f1': 0.7014297729184189, 'eval_runtime': 26.6933, 'eval_samples_per_second': 329.671, 'eval_steps_per_second': 20.604, 'epoch': 0.38}
{'loss': 0.7606, 'grad_norm': 4.098654270172119, 'learning_rate': 4.745247148288974e-05, 'epoch': 0.48}
{'eval_loss': 0.7354481220245361, 'eval_precision': 0.6894629189759831, 'eval_recall': 0.734225688589095, 'eval_f1': 0.7111406016060977, 'eval_runtime': 27.5514, 'eval_samples_per_second': 319.403, 'eval_steps_per_second': 19.963, 'epoch': 0.48}
{'loss': 0.7548, 'grad_norm': 4.5626301765441895, 'learning_rate': 4.922881893091063e-05, 'epoch': 0.57}
{'eval_loss': 0.7259242534637451, 'eval_precision': 0.7211882856942201, 'eval_recall': 0.7215430016863407, 'eval_f1': 0.7213656000842963, 'eval_runtime': 26.0108, 'eval_samples_per_second': 338.321, 'eval_steps_per_second': 21.145, 'epoch': 0.57}
{'loss': 0.7471, 'grad_norm': 3.7776269912719727, 'learning_rate': 4.8172406507500525e-05, 'epoch': 0.67}
{'eval_loss': 0.7171393036842346, 'eval_precision': 0.7187605595728864, 'eval_recall': 0.7472948285553682, 'eval_f1': 0.7327500086120775, 'eval_runtime': 25.9685, 'eval_samples_per_second': 338.872, 'eval_steps_per_second': 21.179, 'epoch': 0.67}
{'loss': 0.7341, 'grad_norm': 2.2700769901275635, 'learning_rate': 4.7115994084090434e-05, 'epoch': 0.76}
{'eval_loss': 0.7110005617141724, 'eval_precision': 0.7490547192694585, 'eval_recall': 0.737738898257448, 'eval_f1': 0.7433537470352932, 'eval_runtime': 26.3233, 'eval_samples_per_second': 334.305, 'eval_steps_per_second': 20.894, 'epoch': 0.76}
{'loss': 0.7253, 'grad_norm': 3.4257359504699707, 'learning_rate': 4.6059581660680335e-05, 'epoch': 0.86}
{'eval_loss': 0.7073515057563782, 'eval_precision': 0.7552523283517436, 'eval_recall': 0.7350337268128162, 'eval_f1': 0.745005875440658, 'eval_runtime': 15.7303, 'eval_samples_per_second': 559.429, 'eval_steps_per_second': 34.964, 'epoch': 0.86}
{'loss': 0.7238, 'grad_norm': 2.867398500442505, 'learning_rate': 4.500316923727023e-05, 'epoch': 0.95}                                                                                                                                                   
{'eval_loss': 0.6986073851585388, 'eval_precision': 0.7643422622275241, 'eval_recall': 0.7428330522765598, 'eval_f1': 0.7534341760649954, 'eval_runtime': 13.1046, 'eval_samples_per_second': 671.52, 'eval_steps_per_second': 41.97, 'epoch': 0.95}
{'loss': 0.7075, 'grad_norm': 2.496603488922119, 'learning_rate': 4.394675681386013e-05, 'epoch': 1.05}                                                                                                                                                   
{'eval_loss': 0.6971825361251831, 'eval_precision': 0.7511351128233351, 'eval_recall': 0.7671795952782462, 'eval_f1': 0.7590725806451613, 'eval_runtime': 16.5295, 'eval_samples_per_second': 532.38, 'eval_steps_per_second': 33.274, 'epoch': 1.05}
{'loss': 0.6893, 'grad_norm': 4.39330530166626, 'learning_rate': 4.2890344390450034e-05, 'epoch': 1.14}                                                                                                                                                   
{'eval_loss': 0.6956565976142883, 'eval_precision': 0.7647344335043683, 'eval_recall': 0.7749437886453063, 'eval_f1': 0.7698052627905353, 'eval_runtime': 27.4469, 'eval_samples_per_second': 320.619, 'eval_steps_per_second': 20.039, 'epoch': 1.14}
{'loss': 0.6843, 'grad_norm': 4.00742769241333, 'learning_rate': 4.1833931967039936e-05, 'epoch': 1.24}
{'eval_loss': 0.691970705986023, 'eval_precision': 0.7608953705273868, 'eval_recall': 0.7881885890949972, 'eval_f1': 0.7743015410101985, 'eval_runtime': 15.0565, 'eval_samples_per_second': 584.466, 'eval_steps_per_second': 36.529, 'epoch': 1.24}
{'loss': 0.6866, 'grad_norm': 3.346400022506714, 'learning_rate': 4.077751954362983e-05, 'epoch': 1.33}
{'eval_loss': 0.695441722869873, 'eval_precision': 0.7593196806664353, 'eval_recall': 0.7685497470489039, 'eval_f1': 0.7639068338163915, 'eval_runtime': 12.4842, 'eval_samples_per_second': 704.892, 'eval_steps_per_second': 44.056, 'epoch': 1.33}
{'loss': 0.685, 'grad_norm': 3.820629596710205, 'learning_rate': 3.972321994506655e-05, 'epoch': 1.43}                                                                                                                                                    
{'eval_loss': 0.6841684579849243, 'eval_precision': 0.7981685116398809, 'eval_recall': 0.7624718943226532, 'eval_f1': 0.7799119575959034, 'eval_runtime': 12.5068, 'eval_samples_per_second': 703.619, 'eval_steps_per_second': 43.976, 'epoch': 1.43}
{'loss': 0.6819, 'grad_norm': 3.112837553024292, 'learning_rate': 3.8666807521656455e-05, 'epoch': 1.52}                                                                                                                                                  
{'eval_loss': 0.688420832157135, 'eval_precision': 0.769381780609609, 'eval_recall': 0.7848159078133783, 'eval_f1': 0.777022209081897, 'eval_runtime': 12.6058, 'eval_samples_per_second': 698.093, 'eval_steps_per_second': 43.631, 'epoch': 1.52}
{'loss': 0.6803, 'grad_norm': 3.3646528720855713, 'learning_rate': 3.761039509824636e-05, 'epoch': 1.62}                                                                                                                                                  
{'eval_loss': 0.6806651949882507, 'eval_precision': 0.7722457627118644, 'eval_recall': 0.7939502529510961, 'eval_f1': 0.7829476164079823, 'eval_runtime': 12.5199, 'eval_samples_per_second': 702.882, 'eval_steps_per_second': 43.93, 'epoch': 1.62}
{'loss': 0.68, 'grad_norm': 2.3885271549224854, 'learning_rate': 3.655398267483626e-05, 'epoch': 1.71}                                                                                                                                                    
{'eval_loss': 0.6756734848022461, 'eval_precision': 0.8014870425178662, 'eval_recall': 0.7801433389544689, 'eval_f1': 0.7906711767847605, 'eval_runtime': 12.494, 'eval_samples_per_second': 704.338, 'eval_steps_per_second': 44.021, 'epoch': 1.71}
{'loss': 0.6787, 'grad_norm': 2.392643690109253, 'learning_rate': 3.549757025142616e-05, 'epoch': 1.81}                                                                                                                                                   
{'eval_loss': 0.6831061840057373, 'eval_precision': 0.7771785507048503, 'eval_recall': 0.7999227093872963, 'eval_f1': 0.7883866276553384, 'eval_runtime': 12.5845, 'eval_samples_per_second': 699.27, 'eval_steps_per_second': 43.704, 'epoch': 1.81}
{'loss': 0.6742, 'grad_norm': 2.5461294651031494, 'learning_rate': 3.4441157828016055e-05, 'epoch': 1.9}                                                                                                                                                  
{'eval_loss': 0.6735433340072632, 'eval_precision': 0.7987574570228387, 'eval_recall': 0.7949690837549185, 'eval_f1': 0.7968587678058915, 'eval_runtime': 12.6649, 'eval_samples_per_second': 694.833, 'eval_steps_per_second': 43.427, 'epoch': 1.9}
{'loss': 0.6749, 'grad_norm': 2.5865910053253174, 'learning_rate': 3.3384745404605964e-05, 'epoch': 2.0}                                                                                                                                                  
{'eval_loss': 0.6705369353294373, 'eval_precision': 0.7972693131164227, 'eval_recall': 0.7980255761663856, 'eval_f1': 0.7976472653849529, 'eval_runtime': 11.844, 'eval_samples_per_second': 742.995, 'eval_steps_per_second': 46.437, 'epoch': 2.0}
{'loss': 0.6413, 'grad_norm': 1.9676307439804077, 'learning_rate': 3.232833298119586e-05, 'epoch': 2.09}                                                                                                                                                  
{'eval_loss': 0.6767956614494324, 'eval_precision': 0.7910339591385974, 'eval_recall': 0.8052627880831928, 'eval_f1': 0.7980849582172702, 'eval_runtime': 12.2578, 'eval_samples_per_second': 717.909, 'eval_steps_per_second': 44.869, 'epoch': 2.09}
{'loss': 0.6418, 'grad_norm': 2.505225419998169, 'learning_rate': 3.127192055778576e-05, 'epoch': 2.19}
{'eval_loss': 0.6763550043106079, 'eval_precision': 0.7977488568413648, 'eval_recall': 0.7967959527824621, 'eval_f1': 0.7972721200829613, 'eval_runtime': 12.2483, 'eval_samples_per_second': 718.47, 'eval_steps_per_second': 44.904, 'epoch': 2.19}
{'loss': 0.6404, 'grad_norm': 2.955238103866577, 'learning_rate': 3.0215508134375666e-05, 'epoch': 2.28}                                                                                                                                                  
{'eval_loss': 0.674990177154541, 'eval_precision': 0.7920601006271969, 'eval_recall': 0.8074761101742552, 'eval_f1': 0.7996938171949479, 'eval_runtime': 12.4722, 'eval_samples_per_second': 705.569, 'eval_steps_per_second': 44.098, 'epoch': 2.28}
{'loss': 0.6402, 'grad_norm': 2.8758444786071777, 'learning_rate': 2.915909571096556e-05, 'epoch': 2.38}                                                                                                                                                  
{'eval_loss': 0.6690398454666138, 'eval_precision': 0.7990455441435833, 'eval_recall': 0.8117622259696459, 'eval_f1': 0.8053536885031631, 'eval_runtime': 12.3356, 'eval_samples_per_second': 713.383, 'eval_steps_per_second': 44.586, 'epoch': 2.38}
{'loss': 0.6363, 'grad_norm': 3.2955169677734375, 'learning_rate': 2.8102683287555466e-05, 'epoch': 2.47}                                                                                                                                                 
{'eval_loss': 0.6682910323143005, 'eval_precision': 0.815179479726784, 'eval_recall': 0.7882588532883642, 'eval_f1': 0.8014931771093806, 'eval_runtime': 12.2825, 'eval_samples_per_second': 716.466, 'eval_steps_per_second': 44.779, 'epoch': 2.47}
{'loss': 0.6407, 'grad_norm': 2.445157289505005, 'learning_rate': 2.7048383688992185e-05, 'epoch': 2.57}                                                                                                                                                  
{'eval_loss': 0.6739200949668884, 'eval_precision': 0.7981067065743223, 'eval_recall': 0.8056492411467117, 'eval_f1': 0.8018602374250399, 'eval_runtime': 12.326, 'eval_samples_per_second': 713.937, 'eval_steps_per_second': 44.621, 'epoch': 2.57}
{'loss': 0.6395, 'grad_norm': 2.9763453006744385, 'learning_rate': 2.5994084090428904e-05, 'epoch': 2.66}                                                                                                                                                 
{'eval_loss': 0.6726347804069519, 'eval_precision': 0.8113315665066972, 'eval_recall': 0.7958825182686903, 'eval_f1': 0.8035327918277587, 'eval_runtime': 11.7929, 'eval_samples_per_second': 746.21, 'eval_steps_per_second': 46.638, 'epoch': 2.66}
{'loss': 0.6385, 'grad_norm': 1.3040120601654053, 'learning_rate': 2.4937671667018806e-05, 'epoch': 2.76}                                                                                                                                                 
{'eval_loss': 0.6678792238235474, 'eval_precision': 0.8316042978881067, 'eval_recall': 0.7885399100618324, 'eval_f1': 0.8094997655714646, 'eval_runtime': 11.9651, 'eval_samples_per_second': 735.471, 'eval_steps_per_second': 45.967, 'epoch': 2.76}
{'loss': 0.6378, 'grad_norm': 2.1475799083709717, 'learning_rate': 2.3881259243608704e-05, 'epoch': 2.85}                                                                                                                                                 
{'eval_loss': 0.6686348915100098, 'eval_precision': 0.8064808362369338, 'eval_recall': 0.813167509836987, 'eval_f1': 0.8098103701630396, 'eval_runtime': 11.8376, 'eval_samples_per_second': 743.393, 'eval_steps_per_second': 46.462, 'epoch': 2.85}
{'loss': 0.6348, 'grad_norm': 2.889054536819458, 'learning_rate': 2.2826959645045427e-05, 'epoch': 2.95}                                                                                                                                                  
{'eval_loss': 0.6686632633209229, 'eval_precision': 0.8133899137265904, 'eval_recall': 0.814818718381113, 'eval_f1': 0.814103689143178, 'eval_runtime': 12.0029, 'eval_samples_per_second': 733.159, 'eval_steps_per_second': 45.822, 'epoch': 2.95}
{'loss': 0.623, 'grad_norm': 2.7239091396331787, 'learning_rate': 2.1770547221635325e-05, 'epoch': 3.04}                                                                                                                                                  
{'eval_loss': 0.6716951727867126, 'eval_precision': 0.8145990524653448, 'eval_recall': 0.8154862282181, 'eval_f1': 0.8150423989185204, 'eval_runtime': 11.5728, 'eval_samples_per_second': 760.4, 'eval_steps_per_second': 47.525, 'epoch': 3.04}
{'loss': 0.6073, 'grad_norm': 3.3489699363708496, 'learning_rate': 2.071413479822523e-05, 'epoch': 3.14}                                                                                                                                                  
{'eval_loss': 0.6734834909439087, 'eval_precision': 0.8050265002564541, 'eval_recall': 0.8271149522203485, 'eval_f1': 0.8159212601154066, 'eval_runtime': 11.9448, 'eval_samples_per_second': 736.72, 'eval_steps_per_second': 46.045, 'epoch': 3.14}
{'loss': 0.6083, 'grad_norm': 1.7502690553665161, 'learning_rate': 1.965772237481513e-05, 'epoch': 3.23}                                                                                                                                                  
{'eval_loss': 0.6727386116981506, 'eval_precision': 0.8062210001718508, 'eval_recall': 0.824093591905565, 'eval_f1': 0.8150593304261714, 'eval_runtime': 11.9854, 'eval_samples_per_second': 734.228, 'eval_steps_per_second': 45.889, 'epoch': 3.23}
{'loss': 0.6089, 'grad_norm': 1.5045946836471558, 'learning_rate': 1.860130995140503e-05, 'epoch': 3.33}                                                                                                                                                  
{'eval_loss': 0.6704813838005066, 'eval_precision': 0.8145301523266328, 'eval_recall': 0.8228288364249579, 'eval_f1': 0.8186584641196826, 'eval_runtime': 12.2013, 'eval_samples_per_second': 721.233, 'eval_steps_per_second': 45.077, 'epoch': 3.33}
{'loss': 0.6087, 'grad_norm': 2.832608461380005, 'learning_rate': 1.754489752799493e-05, 'epoch': 3.42}                                                                                                                                                   
{'eval_loss': 0.6710865497589111, 'eval_precision': 0.8072466748937337, 'eval_recall': 0.8273257448004497, 'eval_f1': 0.8171628843084184, 'eval_runtime': 12.4429, 'eval_samples_per_second': 707.229, 'eval_steps_per_second': 44.202, 'epoch': 3.42}
{'loss': 0.6094, 'grad_norm': 1.5894920825958252, 'learning_rate': 1.648848510458483e-05, 'epoch': 3.52}                                                                                                                                                  
{'eval_loss': 0.6679416298866272, 'eval_precision': 0.8216625934190487, 'eval_recall': 0.8149943788645306, 'eval_f1': 0.8183149020230348, 'eval_runtime': 12.2227, 'eval_samples_per_second': 719.973, 'eval_steps_per_second': 44.998, 'epoch': 3.52}
{'loss': 0.6068, 'grad_norm': 3.42391300201416, 'learning_rate': 1.5432072681174732e-05, 'epoch': 3.61}                                                                                                                                                   
{'eval_loss': 0.6676514744758606, 'eval_precision': 0.8114915523615382, 'eval_recall': 0.8251475548060708, 'eval_f1': 0.8182625812183182, 'eval_runtime': 11.9832, 'eval_samples_per_second': 734.364, 'eval_steps_per_second': 45.898, 'epoch': 3.61}
{'loss': 0.6076, 'grad_norm': 1.873626470565796, 'learning_rate': 1.4377773082611451e-05, 'epoch': 3.71}                                                                                                                                                  
{'eval_loss': 0.6657562851905823, 'eval_precision': 0.817498956739463, 'eval_recall': 0.825885328836425, 'eval_f1': 0.8216707444949317, 'eval_runtime': 11.8967, 'eval_samples_per_second': 739.702, 'eval_steps_per_second': 46.231, 'epoch': 3.71}
{'loss': 0.6055, 'grad_norm': 2.895660638809204, 'learning_rate': 1.3321360659201355e-05, 'epoch': 3.8}                                                                                                                                                   
{'eval_loss': 0.6655494570732117, 'eval_precision': 0.8205567003108302, 'eval_recall': 0.8254286115795391, 'eval_f1': 0.8229854458202709, 'eval_runtime': 12.0059, 'eval_samples_per_second': 732.972, 'eval_steps_per_second': 45.811, 'epoch': 3.8}
{'loss': 0.6075, 'grad_norm': 2.8211236000061035, 'learning_rate': 1.2264948235791253e-05, 'epoch': 3.9}                                                                                                                                                  
{'eval_loss': 0.6661750674247742, 'eval_precision': 0.8207258569144128, 'eval_recall': 0.8294336706014614, 'eval_f1': 0.8250567883976935, 'eval_runtime': 11.6138, 'eval_samples_per_second': 757.716, 'eval_steps_per_second': 47.357, 'epoch': 3.9}
{'loss': 0.6049, 'grad_norm': 2.449052095413208, 'learning_rate': 1.1208535812381155e-05, 'epoch': 3.99}                                                                                                                                                  
{'eval_loss': 0.6645433306694031, 'eval_precision': 0.827605753560547, 'eval_recall': 0.8206857785272625, 'eval_f1': 0.8241312400776152, 'eval_runtime': 11.94, 'eval_samples_per_second': 737.018, 'eval_steps_per_second': 46.064, 'epoch': 3.99}
{'loss': 0.5875, 'grad_norm': 1.346757411956787, 'learning_rate': 1.0152123388971055e-05, 'epoch': 4.09}                                                                                                                                                  
{'eval_loss': 0.6699079275131226, 'eval_precision': 0.8241940025341405, 'eval_recall': 0.8226883080382237, 'eval_f1': 0.8234404669808003, 'eval_runtime': 12.1592, 'eval_samples_per_second': 723.733, 'eval_steps_per_second': 45.233, 'epoch': 4.09}
{'loss': 0.5866, 'grad_norm': 2.3345980644226074, 'learning_rate': 9.095710965560955e-06, 'epoch': 4.18}                                                                                                                                                  
{'eval_loss': 0.6705725193023682, 'eval_precision': 0.8231342500262412, 'eval_recall': 0.8265177065767285, 'eval_f1': 0.8248225085458849, 'eval_runtime': 12.0197, 'eval_samples_per_second': 732.133, 'eval_steps_per_second': 45.758, 'epoch': 4.18}
{'loss': 0.5876, 'grad_norm': 3.122598648071289, 'learning_rate': 8.039298542150855e-06, 'epoch': 4.28}                                                                                                                                                   
{'eval_loss': 0.669901430606842, 'eval_precision': 0.8237943918706568, 'eval_recall': 0.828801292861158, 'eval_f1': 0.826290257613702, 'eval_runtime': 12.1491, 'eval_samples_per_second': 724.332, 'eval_steps_per_second': 45.271, 'epoch': 4.28}
{'loss': 0.5894, 'grad_norm': 4.1373796463012695, 'learning_rate': 6.982886118740757e-06, 'epoch': 4.37}                                                                                                                                                  
{'eval_loss': 0.6687238216400146, 'eval_precision': 0.821170168359538, 'eval_recall': 0.8293634064080945, 'eval_f1': 0.8252464517933301, 'eval_runtime': 11.7837, 'eval_samples_per_second': 746.795, 'eval_steps_per_second': 46.675, 'epoch': 4.37}
{'loss': 0.5878, 'grad_norm': 1.451019287109375, 'learning_rate': 5.926473695330657e-06, 'epoch': 4.47}                                                                                                                                                   
{'eval_loss': 0.6687642335891724, 'eval_precision': 0.8239404632961811, 'eval_recall': 0.8284851039910062, 'eval_f1': 0.8262065341157921, 'eval_runtime': 12.0944, 'eval_samples_per_second': 727.61, 'eval_steps_per_second': 45.476, 'epoch': 4.47}
{'loss': 0.5852, 'grad_norm': 2.756983757019043, 'learning_rate': 4.870061271920559e-06, 'epoch': 4.56}                                                                                                                                                   
{'eval_loss': 0.6704596281051636, 'eval_precision': 0.8155605780425998, 'eval_recall': 0.8367060146149522, 'eval_f1': 0.8259979884160511, 'eval_runtime': 11.9618, 'eval_samples_per_second': 735.678, 'eval_steps_per_second': 45.98, 'epoch': 4.56}
{'loss': 0.5851, 'grad_norm': 0.9212809205055237, 'learning_rate': 3.8136488485104584e-06, 'epoch': 4.66}                                                                                                                                                 
{'eval_loss': 0.6691338419914246, 'eval_precision': 0.8195694309843555, 'eval_recall': 0.8318929173693086, 'eval_f1': 0.8256851942255387, 'eval_runtime': 11.8171, 'eval_samples_per_second': 744.684, 'eval_steps_per_second': 46.543, 'epoch': 4.66}
{'loss': 0.5867, 'grad_norm': 1.802413821220398, 'learning_rate': 2.7572364251003594e-06, 'epoch': 4.75}                                                                                                                                                  
{'eval_loss': 0.6696562170982361, 'eval_precision': 0.8240456951797158, 'eval_recall': 0.8312254075323215, 'eval_f1': 0.8276199804113613, 'eval_runtime': 11.7149, 'eval_samples_per_second': 751.182, 'eval_steps_per_second': 46.949, 'epoch': 4.75}
{'loss': 0.5845, 'grad_norm': 1.4045904874801636, 'learning_rate': 1.7008240016902599e-06, 'epoch': 4.85}                                                                                                                                                 
{'eval_loss': 0.6693872213363647, 'eval_precision': 0.8231898170689296, 'eval_recall': 0.8315767284991569, 'eval_f1': 0.8273620189450873, 'eval_runtime': 11.9761, 'eval_samples_per_second': 734.799, 'eval_steps_per_second': 45.925, 'epoch': 4.85}
{'loss': 0.5849, 'grad_norm': 3.6251518726348877, 'learning_rate': 6.444115782801606e-07, 'epoch': 4.94}                                                                                                                                                  
{'eval_loss': 0.6691409945487976, 'eval_precision': 0.8235600820327436, 'eval_recall': 0.832384766722878, 'eval_f1': 0.8279489105935387, 'eval_runtime': 12.0567, 'eval_samples_per_second': 729.886, 'eval_steps_per_second': 45.618, 'epoch': 4.94}