{'loss': 0.9461, 'grad_norm': 7.434654235839844, 'learning_rate': 5.982e-06, 'epoch': 0.19}
{'eval_loss': 0.4161580801010132, 'eval_precision': 0.5258500232883093, 'eval_recall': 0.5156337830241708, 'eval_f1': 0.5206917960088692, 'eval_runtime': 11.8261, 'eval_samples_per_second': 744.116, 'eval_steps_per_second': 46.507, 'epoch': 0.19}
{'loss': 0.3811, 'grad_norm': 9.895703315734863, 'learning_rate': 1.1982e-05, 'epoch': 0.38}
{'eval_loss': 0.29029425978660583, 'eval_precision': 0.6450074414828846, 'eval_recall': 0.669933951658235, 'eval_f1': 0.6572344385469084, 'eval_runtime': 27.8372, 'eval_samples_per_second': 316.124, 'eval_steps_per_second': 19.758, 'epoch': 0.38}
{'loss': 0.2994, 'grad_norm': 3.9910011291503906, 'learning_rate': 1.797e-05, 'epoch': 0.57}                                                                                                                                                      
{'eval_loss': 0.25682875514030457, 'eval_precision': 0.696719915528458, 'eval_recall': 0.7186270376616076, 'eval_f1': 0.7075039344205594, 'eval_runtime': 12.4064, 'eval_samples_per_second': 709.314, 'eval_steps_per_second': 44.332, 'epoch': 0.57}
{'loss': 0.2687, 'grad_norm': 5.841521739959717, 'learning_rate': 2.3970000000000003e-05, 'epoch': 0.76}                                                                                                                                          
{'eval_loss': 0.2271842509508133, 'eval_precision': 0.7276961039863761, 'eval_recall': 0.7355958403597527, 'eval_f1': 0.7316246483917745, 'eval_runtime': 12.3094, 'eval_samples_per_second': 714.904, 'eval_steps_per_second': 44.681, 'epoch': 0.76}
{'loss': 0.2543, 'grad_norm': 3.400498151779175, 'learning_rate': 2.997e-05, 'epoch': 0.95}                                                                                                                                                       
{'eval_loss': 0.21859727799892426, 'eval_precision': 0.731168605660705, 'eval_recall': 0.7396711635750421, 'eval_f1': 0.7353953090343877, 'eval_runtime': 14.7002, 'eval_samples_per_second': 598.631, 'eval_steps_per_second': 37.414, 'epoch': 0.95} 
{'loss': 0.223, 'grad_norm': 5.949737548828125, 'learning_rate': 2.937343734497976e-05, 'epoch': 1.14}                                                                                                                                            
{'eval_loss': 0.21222054958343506, 'eval_precision': 0.7486547474396806, 'eval_recall': 0.7576236649803261, 'eval_f1': 0.7531125041470954, 'eval_runtime': 27.024, 'eval_samples_per_second': 325.636, 'eval_steps_per_second': 20.352, 'epoch': 1.14}
{'loss': 0.207, 'grad_norm': 3.6860873699188232, 'learning_rate': 2.7536498213376013e-05, 'epoch': 1.33}                                                                                                                                          
{'eval_loss': 0.19663289189338684, 'eval_precision': 0.7531916350070165, 'eval_recall': 0.7731169196177627, 'eval_f1': 0.7630242194136717, 'eval_runtime': 12.1508, 'eval_samples_per_second': 724.229, 'eval_steps_per_second': 45.264, 'epoch': 1.33}
{'loss': 0.1974, 'grad_norm': 5.524399280548096, 'learning_rate': 2.464386099018608e-05, 'epoch': 1.52}                                                                                                                                           
{'eval_loss': 0.19297310709953308, 'eval_precision': 0.7661226045673494, 'eval_recall': 0.7767003934794828, 'eval_f1': 0.7713752376964813, 'eval_runtime': 11.5719, 'eval_samples_per_second': 760.461, 'eval_steps_per_second': 47.529, 'epoch': 1.52}
{'loss': 0.1914, 'grad_norm': 5.075021266937256, 'learning_rate': 2.0935099020263616e-05, 'epoch': 1.71}                                                                                                                                          
{'eval_loss': 0.17749221622943878, 'eval_precision': 0.7923243358280424, 'eval_recall': 0.7847807757166948, 'eval_f1': 0.7885345147113331, 'eval_runtime': 12.1945, 'eval_samples_per_second': 721.636, 'eval_steps_per_second': 45.102, 'epoch': 1.71}
{'loss': 0.1815, 'grad_norm': 4.299670219421387, 'learning_rate': 1.6725548570904705e-05, 'epoch': 1.9}                                                                                                                                           
{'eval_loss': 0.17417073249816895, 'eval_precision': 0.7979003558718861, 'eval_recall': 0.7876967397414277, 'eval_f1': 0.7927657167102751, 'eval_runtime': 11.5947, 'eval_samples_per_second': 758.97, 'eval_steps_per_second': 47.436, 'epoch': 1.9}                                                                                                                                                                                                                                               
{'loss': 0.1566, 'grad_norm': 3.6061172485351562, 'learning_rate': 1.2370400745315543e-05, 'epoch': 2.09}                                                                                                                                         
{'eval_loss': 0.17395690083503723, 'eval_precision': 0.7968902184499791, 'eval_recall': 0.8048412029229904, 'eval_f1': 0.800845976368594, 'eval_runtime': 12.4006, 'eval_samples_per_second': 709.645, 'eval_steps_per_second': 44.353, 'epoch': 2.09} 
{'loss': 0.131, 'grad_norm': 9.561748504638672, 'learning_rate': 8.241035063922373e-06, 'epoch': 2.28}                                                                                                                                            
{'eval_loss': 0.1701895147562027, 'eval_precision': 0.8079216952006736, 'eval_recall': 0.8090570545250141, 'eval_f1': 0.8084889762673781, 'eval_runtime': 12.1409, 'eval_samples_per_second': 724.822, 'eval_steps_per_second': 45.301, 'epoch': 2.28}                                                                                                                                                                                                                                              
{'loss': 0.1259, 'grad_norm': 4.418433666229248, 'learning_rate': 4.67766852957874e-06, 'epoch': 2.47}                                                                                                                                            
{'eval_loss': 0.16711798310279846, 'eval_precision': 0.816324358837927, 'eval_recall': 0.8084949409780776, 'eval_f1': 0.8123907863383638, 'eval_runtime': 11.4841, 'eval_samples_per_second': 766.279, 'eval_steps_per_second': 47.892, 'epoch': 2.47}
{'loss': 0.1239, 'grad_norm': 5.241889953613281, 'learning_rate': 1.985273930776908e-06, 'epoch': 2.66}                                                                                                                                           
{'eval_loss': 0.16342537105083466, 'eval_precision': 0.8228325255788906, 'eval_recall': 0.8052276559865092, 'eval_f1': 0.8139349065146753, 'eval_runtime': 27.5859, 'eval_samples_per_second': 319.003, 'eval_steps_per_second': 19.938, 'epoch': 2.66}
{'loss': 0.1223, 'grad_norm': 2.767786979675293, 'learning_rate': 3.910286393810186e-07, 'epoch': 2.85}                                                                                                                                           
{'eval_loss': 0.16326221823692322, 'eval_precision': 0.8092320545846968, 'eval_recall': 0.81668071950534, 'eval_f1': 0.8129393250568281, 'eval_runtime': 12.4968, 'eval_samples_per_second': 704.178, 'eval_steps_per_second': 44.011, 'epoch': 2.85}      
