{'loss': 2.2854, 'grad_norm': 6.051587104797363, 'learning_rate': 7.826892736383055e-05, 'epoch': 0.76}                                                                                                                                                                    
{'eval_loss': 0.22810791432857513, 'eval_precision': 0.7167193100755935, 'eval_recall': 0.7094926925238898, 'eval_f1': 0.7130876926607934, 'eval_runtime': 7.4754, 'eval_samples_per_second': 1177.197, 'eval_steps_per_second': 9.23, 'epoch': 0.76}                      
{'loss': 0.8365, 'grad_norm': 9.005106925964355, 'learning_rate': 7.314545093675668e-05, 'epoch': 1.52}                                                                                                                                                                    
{'eval_loss': 0.17858187854290009, 'eval_precision': 0.7806085310816713, 'eval_recall': 0.753513209668353, 'eval_f1': 0.7668215945656061, 'eval_runtime': 7.6347, 'eval_samples_per_second': 1152.629, 'eval_steps_per_second': 9.038, 'epoch': 1.52}                      
{'loss': 0.6537, 'grad_norm': 5.508109092712402, 'learning_rate': 6.508352582170543e-05, 'epoch': 2.28}                                                                                                                                                                    
{'eval_loss': 0.17223793268203735, 'eval_precision': 0.8136400863673591, 'eval_recall': 0.7678471051152332, 'eval_f1': 0.7900806130933016, 'eval_runtime': 7.4444, 'eval_samples_per_second': 1182.099, 'eval_steps_per_second': 9.269, 'epoch': 2.28}                     
{'loss': 0.5282, 'grad_norm': 5.712202548980713, 'learning_rate': 5.4797867088388676e-05, 'epoch': 3.04}                                                                                                                                                                   
{'eval_loss': 0.16315865516662598, 'eval_precision': 0.8164634586249189, 'eval_recall': 0.7951798763350196, 'eval_f1': 0.8056811305307372, 'eval_runtime': 7.7471, 'eval_samples_per_second': 1135.906, 'eval_steps_per_second': 8.907, 'epoch': 3.04}                     
{'loss': 0.3983, 'grad_norm': 6.661405563354492, 'learning_rate': 4.3224162200710286e-05, 'epoch': 3.8}                                                                                                                                                                    
{'eval_loss': 0.1573716104030609, 'eval_precision': 0.8167297934681627, 'eval_recall': 0.8030143338954469, 'eval_f1': 0.8098139946855624, 'eval_runtime': 7.445, 'eval_samples_per_second': 1182.002, 'eval_steps_per_second': 9.268, 'epoch': 3.8}                        
{'loss': 0.3243, 'grad_norm': 5.0865702629089355, 'learning_rate': 3.134241544247589e-05, 'epoch': 4.56}                                                                                                                                                                   
{'eval_loss': 0.16818393766880035, 'eval_precision': 0.8100465504064476, 'eval_recall': 0.8192102304665543, 'eval_f1': 0.8146026200873363, 'eval_runtime': 7.9147, 'eval_samples_per_second': 1111.853, 'eval_steps_per_second': 8.718, 'epoch': 4.56}                     
{'loss': 0.265, 'grad_norm': 4.40972375869751, 'learning_rate': 2.0228190840830965e-05, 'epoch': 5.32}                                                                                                                                                                     
{'eval_loss': 0.17291831970214844, 'eval_precision': 0.8135511275339297, 'eval_recall': 0.8276419336706015, 'eval_f1': 0.8205360408213023, 'eval_runtime': 7.5773, 'eval_samples_per_second': 1161.357, 'eval_steps_per_second': 9.106, 'epoch': 5.32}                     
{'loss': 0.2194, 'grad_norm': 5.303173542022705, 'learning_rate': 1.0866799434714239e-05, 'epoch': 6.08}                                                                                                                                                                   
{'eval_loss': 0.18030445277690887, 'eval_precision': 0.814857024450891, 'eval_recall': 0.8289418212478921, 'eval_f1': 0.82183908045977, 'eval_runtime': 7.5274, 'eval_samples_per_second': 1169.056, 'eval_steps_per_second': 9.166, 'epoch': 6.08}                        
{'loss': 0.1824, 'grad_norm': 4.649301052093506, 'learning_rate': 4.0881580759867304e-06, 'epoch': 6.84}                                                                                                                                                                   
{'eval_loss': 0.17792358994483948, 'eval_precision': 0.8269830698587403, 'eval_recall': 0.828871557054525, 'eval_f1': 0.8279262365553665, 'eval_runtime': 7.5995, 'eval_samples_per_second': 1157.965, 'eval_steps_per_second': 9.08, 'epoch': 6.84}                       
{'loss': 0.165, 'grad_norm': 3.4615042209625244, 'learning_rate': 4.932146849174358e-07, 'epoch': 7.6}                                                                                                                                                                     
{'eval_loss': 0.17963044345378876, 'eval_precision': 0.8255541979403037, 'eval_recall': 0.8308038223721191, 'eval_f1': 0.8281706911344972, 'eval_runtime': 7.8332, 'eval_samples_per_second': 1123.43, 'eval_steps_per_second': 8.809, 'epoch': 7.6}                       
{'train_runtime': 2331.1757, 'train_samples_per_second': 577.563, 'train_steps_per_second': 2.255, 'train_loss': 0.5652504264854767, 'epoch': 7.99}                                                                                                                        
100%|██████████████████████████████████████████████████████████████████████████████████████████████████████████████████████████████████████████████████████████████████████████████████████████████████████████████████████████████████| 5256/5256 [38:51<00:00,  2.25it/s]
100%|█████
Test Metrics: {'test_loss': 0.46217989921569824, 'test_precision': 0.6973293108262434, 'test_recall': 0.7149437349733633, 'test_f1': 0.7060266758914796, 'test_runtime': 346.3374, 'test_samples_per_second': 1362.576, 'test_steps_per_second': 10.646, 'epoch': 7.988593155893536}